mode: set
github.com/dinopuguh/bakulan-backend/api/store/store.go:35.27,39.41 3 1
github.com/dinopuguh/bakulan-backend/api/store/store.go:44.2,45.142 2 1
github.com/dinopuguh/bakulan-backend/api/store/store.go:50.2,50.16 1 1
github.com/dinopuguh/bakulan-backend/api/store/store.go:39.41,42.3 2 0
github.com/dinopuguh/bakulan-backend/api/store/store.go:45.142,48.3 2 0
github.com/dinopuguh/bakulan-backend/api/store/store.go:53.28,58.75 4 1
github.com/dinopuguh/bakulan-backend/api/store/store.go:63.2,63.15 1 1
github.com/dinopuguh/bakulan-backend/api/store/store.go:58.75,61.3 2 1
github.com/dinopuguh/bakulan-backend/api/store/store.go:66.24,70.45 3 1
github.com/dinopuguh/bakulan-backend/api/store/store.go:75.2,79.26 4 1
github.com/dinopuguh/bakulan-backend/api/store/store.go:84.2,85.16 2 1
github.com/dinopuguh/bakulan-backend/api/store/store.go:90.2,90.46 1 1
github.com/dinopuguh/bakulan-backend/api/store/store.go:95.2,98.16 3 1
github.com/dinopuguh/bakulan-backend/api/store/store.go:103.2,106.4 1 1
github.com/dinopuguh/bakulan-backend/api/store/store.go:70.45,73.3 2 1
github.com/dinopuguh/bakulan-backend/api/store/store.go:79.26,82.3 2 1
github.com/dinopuguh/bakulan-backend/api/store/store.go:85.16,88.3 2 0
github.com/dinopuguh/bakulan-backend/api/store/store.go:90.46,93.3 2 0
github.com/dinopuguh/bakulan-backend/api/store/store.go:98.16,101.3 2 0
github.com/dinopuguh/bakulan-backend/api/store/store.go:109.26,113.45 3 1
github.com/dinopuguh/bakulan-backend/api/store/store.go:118.2,121.27 3 1
github.com/dinopuguh/bakulan-backend/api/store/store.go:126.2,126.64 1 1
github.com/dinopuguh/bakulan-backend/api/store/store.go:131.2,132.16 2 1
github.com/dinopuguh/bakulan-backend/api/store/store.go:137.2,140.4 1 1
github.com/dinopuguh/bakulan-backend/api/store/store.go:113.45,116.3 2 1
github.com/dinopuguh/bakulan-backend/api/store/store.go:121.27,124.3 2 1
github.com/dinopuguh/bakulan-backend/api/store/store.go:126.64,129.3 2 1
github.com/dinopuguh/bakulan-backend/api/store/store.go:132.16,135.3 2 0
github.com/dinopuguh/bakulan-backend/api/store/store.go:143.27,150.27 5 1
github.com/dinopuguh/bakulan-backend/api/store/store.go:155.2,155.47 1 1
github.com/dinopuguh/bakulan-backend/api/store/store.go:160.2,160.51 1 1
github.com/dinopuguh/bakulan-backend/api/store/store.go:150.27,153.3 2 1
github.com/dinopuguh/bakulan-backend/api/store/store.go:155.47,158.3 2 0
