mode: set
github.com/dinopuguh/bakulan-backend/api/store/store.go:29.27,33.66 3 1
github.com/dinopuguh/bakulan-backend/api/store/store.go:38.2,38.16 1 1
github.com/dinopuguh/bakulan-backend/api/store/store.go:33.66,36.3 2 0
github.com/dinopuguh/bakulan-backend/api/store/store.go:41.24,45.45 3 1
github.com/dinopuguh/bakulan-backend/api/store/store.go:50.2,54.26 4 1
github.com/dinopuguh/bakulan-backend/api/store/store.go:59.2,60.16 2 1
github.com/dinopuguh/bakulan-backend/api/store/store.go:65.2,65.46 1 1
github.com/dinopuguh/bakulan-backend/api/store/store.go:70.2,73.16 3 1
github.com/dinopuguh/bakulan-backend/api/store/store.go:78.2,82.8 2 1
github.com/dinopuguh/bakulan-backend/api/store/store.go:45.45,48.3 2 1
github.com/dinopuguh/bakulan-backend/api/store/store.go:54.26,57.3 2 1
github.com/dinopuguh/bakulan-backend/api/store/store.go:60.16,63.3 2 0
github.com/dinopuguh/bakulan-backend/api/store/store.go:65.46,68.3 2 0
github.com/dinopuguh/bakulan-backend/api/store/store.go:73.16,76.3 2 0
github.com/dinopuguh/bakulan-backend/api/store/store.go:85.26,89.45 3 1
github.com/dinopuguh/bakulan-backend/api/store/store.go:94.2,97.27 3 1
github.com/dinopuguh/bakulan-backend/api/store/store.go:102.2,102.64 1 1
github.com/dinopuguh/bakulan-backend/api/store/store.go:107.2,108.16 2 1
github.com/dinopuguh/bakulan-backend/api/store/store.go:113.2,116.4 1 1
github.com/dinopuguh/bakulan-backend/api/store/store.go:89.45,92.3 2 1
github.com/dinopuguh/bakulan-backend/api/store/store.go:97.27,100.3 2 1
github.com/dinopuguh/bakulan-backend/api/store/store.go:102.64,105.3 2 1
github.com/dinopuguh/bakulan-backend/api/store/store.go:108.16,111.3 2 0
github.com/dinopuguh/bakulan-backend/api/store/store.go:119.27,126.27 5 1
github.com/dinopuguh/bakulan-backend/api/store/store.go:131.2,131.47 1 1
github.com/dinopuguh/bakulan-backend/api/store/store.go:136.2,136.51 1 1
github.com/dinopuguh/bakulan-backend/api/store/store.go:126.27,129.3 2 1
github.com/dinopuguh/bakulan-backend/api/store/store.go:131.47,134.3 2 0
