mode: set
github.com/dinopuguh/bakulan-backend/api/user/user.go:25.27,32.2 4 1
github.com/dinopuguh/bakulan-backend/api/user/user.go:34.24,38.44 3 1
github.com/dinopuguh/bakulan-backend/api/user/user.go:43.2,47.26 4 1
github.com/dinopuguh/bakulan-backend/api/user/user.go:52.2,53.16 2 1
github.com/dinopuguh/bakulan-backend/api/user/user.go:58.2,58.45 1 1
github.com/dinopuguh/bakulan-backend/api/user/user.go:63.2,66.16 3 1
github.com/dinopuguh/bakulan-backend/api/user/user.go:71.2,75.8 2 1
github.com/dinopuguh/bakulan-backend/api/user/user.go:38.44,41.3 2 1
github.com/dinopuguh/bakulan-backend/api/user/user.go:47.26,50.3 2 1
github.com/dinopuguh/bakulan-backend/api/user/user.go:53.16,56.3 2 0
github.com/dinopuguh/bakulan-backend/api/user/user.go:58.45,61.3 2 0
github.com/dinopuguh/bakulan-backend/api/user/user.go:66.16,69.3 2 0
github.com/dinopuguh/bakulan-backend/api/user/user.go:78.26,82.45 3 1
github.com/dinopuguh/bakulan-backend/api/user/user.go:87.2,90.27 3 1
github.com/dinopuguh/bakulan-backend/api/user/user.go:95.2,95.63 1 1
github.com/dinopuguh/bakulan-backend/api/user/user.go:100.2,101.16 2 1
github.com/dinopuguh/bakulan-backend/api/user/user.go:106.2,109.4 1 1
github.com/dinopuguh/bakulan-backend/api/user/user.go:82.45,85.3 2 1
github.com/dinopuguh/bakulan-backend/api/user/user.go:90.27,93.3 2 1
github.com/dinopuguh/bakulan-backend/api/user/user.go:95.63,98.3 2 1
github.com/dinopuguh/bakulan-backend/api/user/user.go:101.16,104.3 2 0
github.com/dinopuguh/bakulan-backend/api/user/user.go:112.27,119.27 5 1
github.com/dinopuguh/bakulan-backend/api/user/user.go:124.2,124.46 1 1
github.com/dinopuguh/bakulan-backend/api/user/user.go:129.2,129.50 1 1
github.com/dinopuguh/bakulan-backend/api/user/user.go:119.27,122.3 2 1
github.com/dinopuguh/bakulan-backend/api/user/user.go:124.46,127.3 2 0
